<?xml version="1.0" encoding="UTF-8"?>
<!-- Generated by org.testng.reporters.JUnitXMLReporter -->
<testsuite ignored="0" hostname="CHPNXDT-604" failures="2" tests="9" name="SmokeTest" time="5449.989" errors="0" timestamp="2022-03-03T21:47:53 IST">
  <testcase classname="scripts.PoliceSmokeTest87" name="AlarmModuleSmokeTestScriptAlarm" time="372.808"/>
  <testcase classname="scripts.PoliceSmokeTest87" name="AnimalControlModuleSmokeTestScript" time="408.374"/>
  <testcase classname="scripts.PoliceSmokeTest87" name="CIVILModuleSmokeTestScript" time="619.028"/>
  <testcase classname="scripts.PoliceSmokeTest87" name="CMModuleSmokeTestScript" time="1531.849"/>
  <testcase classname="scripts.PoliceSmokeTest87" name="CoronerModuleSmokeTestScript" time="289.706"/>
  <testcase classname="scripts.PoliceSmokeTest87" name="PropertyModuleSmokeTestScripts" time="766.282"/>
  <testcase classname="scripts.PoliceSmokeTest87" name="SmokeTestScripts_Records_" time="723.735">
    <failure type="java.lang.IllegalArgumentException" message="bound must be positive">
      <![CDATA[java.lang.IllegalArgumentException: bound must be positive
at java.base/java.util.Random.nextInt(Random.java:388)
at utilities.Randomized.getRandomNumber(Randomized.java:324)
at utilities.ObjectIdentification$SmokeTest.selectRandomGridRow(ObjectIdentification.java:3585)
at scripts.PoliceSmokeTest87.SmokeTestScripts_Records_(PoliceSmokeTest87.java:577)
at java.base/java.util.ArrayList.forEach(ArrayList.java:1511)
... Removed 27 stack frames]]>
    </failure>
  </testcase> <!-- SmokeTestScripts_Records_ -->
  <testcase classname="scripts.PoliceSmokeTest87" name="SmokeTestScripts_Traffic_" time="552.281"/>
  <testcase classname="scripts.PoliceSmokeTest87" name="SmokeTestScripts_Warrant_" time="50.31">
    <failure type="org.openqa.selenium.NoSuchElementException" message="no such element: Unable to locate element: {&amp;quot;method&amp;quot;:&amp;quot;xpath&amp;quot;,&amp;quot;selector&amp;quot;:&amp;quot;//iframe[contains(@src,&amp;apos;Warrant Names Search&amp;apos;)]&amp;quot;}
  (Session info: chrome=99.0.4844.51)
For documentation on this error, please visit: https://www.seleniumhq.org/exceptions/no_such_element.html
Build info: version: &amp;apos;3.141.59&amp;apos;, revision: &amp;apos;e82be7d358&amp;apos;, time: &amp;apos;2018-11-14T08:17:03&amp;apos;
System info: host: &amp;apos;CHPNXDT-604&amp;apos;, ip: &amp;apos;192.168.10.214&amp;apos;, os.name: &amp;apos;Windows 10&amp;apos;, os.arch: &amp;apos;amd64&amp;apos;, os.version: &amp;apos;10.0&amp;apos;, java.version: &amp;apos;16.0.2&amp;apos;
Driver info: org.openqa.selenium.remote.RemoteWebDriver
Capabilities {acceptInsecureCerts: false, browserName: chrome, browserVersion: 99.0.4844.51, chrome: {chromedriverVersion: 98.0.4758.48 (d869ab3eda606..., userDataDir: C:\Users\QAA\AppData\Local\...}, goog:chromeOptions: {debuggerAddress: localhost:60213}, javascriptEnabled: true, networkConnectionEnabled: false, pageLoadStrategy: normal, platform: WINDOWS, platformName: WINDOWS, proxy: Proxy(), setWindowRect: true, strictFileInteractability: false, timeouts: {implicit: 0, pageLoad: 300000, script: 30000}, unhandledPromptBehavior: dismiss and notify, webauthn:extension:credBlob: true, webauthn:extension:largeBlob: true, webauthn:virtualAuthenticators: true, webdriver.remote.sessionid: 31eb0b1b66b1471d27be59c0b1c...}
Session ID: 31eb0b1b66b1471d27be59c0b1c8758d
*** Element info: {Using=xpath, value=//iframe[contains(@src,&amp;apos;Warrant Names Search&amp;apos;)]}">
      <![CDATA[org.openqa.selenium.NoSuchElementException: no such element: Unable to locate element: {"method":"xpath","selector":"//iframe[contains(@src,'Warrant Names Search')]"}
  (Session info: chrome=99.0.4844.51)
For documentation on this error, please visit: https://www.seleniumhq.org/exceptions/no_such_element.html
Build info: version: '3.141.59', revision: 'e82be7d358', time: '2018-11-14T08:17:03'
System info: host: 'CHPNXDT-604', ip: '192.168.10.214', os.name: 'Windows 10', os.arch: 'amd64', os.version: '10.0', java.version: '16.0.2'
Driver info: org.openqa.selenium.remote.RemoteWebDriver
Capabilities {acceptInsecureCerts: false, browserName: chrome, browserVersion: 99.0.4844.51, chrome: {chromedriverVersion: 98.0.4758.48 (d869ab3eda606..., userDataDir: C:\Users\QAA\AppData\Local\...}, goog:chromeOptions: {debuggerAddress: localhost:60213}, javascriptEnabled: true, networkConnectionEnabled: false, pageLoadStrategy: normal, platform: WINDOWS, platformName: WINDOWS, proxy: Proxy(), setWindowRect: true, strictFileInteractability: false, timeouts: {implicit: 0, pageLoad: 300000, script: 30000}, unhandledPromptBehavior: dismiss and notify, webauthn:extension:credBlob: true, webauthn:extension:largeBlob: true, webauthn:virtualAuthenticators: true, webdriver.remote.sessionid: 31eb0b1b66b1471d27be59c0b1c...}
Session ID: 31eb0b1b66b1471d27be59c0b1c8758d
*** Element info: {Using=xpath, value=//iframe[contains(@src,'Warrant Names Search')]}
at org.openqa.selenium.remote.http.W3CHttpResponseCodec.createException(W3CHttpResponseCodec.java:187)
at org.openqa.selenium.remote.http.W3CHttpResponseCodec.decode(W3CHttpResponseCodec.java:122)
at org.openqa.selenium.remote.http.W3CHttpResponseCodec.decode(W3CHttpResponseCodec.java:49)
at org.openqa.selenium.remote.HttpCommandExecutor.execute(HttpCommandExecutor.java:158)
at org.openqa.selenium.remote.RemoteWebDriver.execute(RemoteWebDriver.java:552)
at org.openqa.selenium.remote.RemoteWebDriver.findElement(RemoteWebDriver.java:323)
at org.openqa.selenium.remote.RemoteWebDriver.findElementByXPath(RemoteWebDriver.java:428)
at org.openqa.selenium.By$ByXPath.findElement(By.java:353)
at org.openqa.selenium.remote.RemoteWebDriver.findElement(RemoteWebDriver.java:315)
at utilities.ObjectIdentification$WindowHandle.switchToMainWindowScreenTab(ObjectIdentification.java:438)
at scripts.PoliceSmokeTest87.SmokeTestScripts_Warrant_(PoliceSmokeTest87.java:800)
at java.base/java.util.ArrayList.forEach(ArrayList.java:1511)
... Removed 31 stack frames]]>
    </failure>
  </testcase> <!-- SmokeTestScripts_Warrant_ -->
</testsuite> <!-- SmokeTest -->
