<?xml version="1.0" encoding="UTF-8"?>
<!-- Generated by org.testng.reporters.JUnitXMLReporter -->
<testsuite ignored="8" hostname="CHPNXDT-604" failures="0" tests="1" name="Default test" time="1284.431" errors="0" timestamp="2022-03-03T12:53:03 IST">
  <testcase classname="scripts.PoliceSmokeTest87" name="SmokeTestScripts_Records_" time="1269.1"/>
  <testcase classname="scripts.PoliceSmokeTest87" name="SmokeTestScripts_Traffic_" time="0.0">
    <ignored/>
  </testcase> <!-- SmokeTestScripts_Traffic_ -->
  <testcase classname="scripts.PoliceSmokeTest87" name="AnimalControlModuleSmokeTestScript" time="0.0">
    <ignored/>
  </testcase> <!-- AnimalControlModuleSmokeTestScript -->
  <testcase classname="scripts.PoliceSmokeTest87" name="CMModuleSmokeTestScript" time="0.0">
    <ignored/>
  </testcase> <!-- CMModuleSmokeTestScript -->
  <testcase classname="scripts.PoliceSmokeTest87" name="CoronerModuleSmokeTestScript" time="0.0">
    <ignored/>
  </testcase> <!-- CoronerModuleSmokeTestScript -->
  <testcase classname="scripts.PoliceSmokeTest87" name="AlarmModuleSmokeTestScriptAlarm" time="0.0">
    <ignored/>
  </testcase> <!-- AlarmModuleSmokeTestScriptAlarm -->
  <testcase classname="scripts.PoliceSmokeTest87" name="PropertyModuleSmokeTestScripts" time="0.0">
    <ignored/>
  </testcase> <!-- PropertyModuleSmokeTestScripts -->
  <testcase classname="scripts.PoliceSmokeTest87" name="CIVILModuleSmokeTestScript" time="0.0">
    <ignored/>
  </testcase> <!-- CIVILModuleSmokeTestScript -->
  <testcase classname="scripts.PoliceSmokeTest87" name="SmokeTestScripts_Warrant_" time="0.0">
    <ignored/>
  </testcase> <!-- SmokeTestScripts_Warrant_ -->
</testsuite> <!-- Default test -->
